Batch run started: Thu, Oct 30, 2025  8:22:06 PM
Matchup: Pacman='quang_agent' vs Ghost='nhom_1'
Total runs: 200
----------------------------------------

Game 1: ghost_wins
Game 2: ghost_wins
Game 3: ghost_wins
Game 4: ghost_wins
Game 5: ghost_wins
Game 6: ghost_wins
Game 7: ghost_wins
Game 8: ghost_wins
Game 9: ghost_wins
Game 10: ghost_wins
Game 11: ghost_wins
Game 12: ghost_wins
Game 13: ghost_wins
Game 14: ghost_wins
Game 15: ghost_wins
Game 16: ghost_wins
Game 17: ghost_wins
Game 18: ghost_wins
Game 19: ghost_wins
Game 20: ghost_wins
Game 21: ghost_wins
Game 22: ghost_wins
Game 23: ghost_wins
Game 24: ghost_wins
Game 25: ghost_wins
Game 26: ghost_wins
Game 27: ghost_wins
Game 28: ghost_wins
Game 29: ghost_wins
Game 30: ghost_wins
Game 31: ghost_wins
Game 32: ghost_wins
Game 33: ghost_wins
Game 34: ghost_wins
Game 35: ghost_wins
Game 36: ghost_wins
Game 37: ghost_wins
Game 38: ghost_wins
Game 39: ghost_wins
Game 40: ghost_wins
Game 41: ghost_wins
Game 42: ghost_wins
Game 43: ghost_wins
Game 44: ghost_wins
Game 45: ghost_wins
Game 46: ghost_wins
Game 47: ghost_wins
Game 48: ghost_wins
Game 49: ghost_wins
Game 50: ghost_wins
Game 51: ghost_wins
Game 52: ghost_wins
Game 53: ghost_wins
Game 54: ghost_wins
Game 55: ghost_wins
Game 56: ghost_wins
Game 57: ghost_wins
Game 58: ghost_wins
Game 59: ghost_wins
Game 60: ghost_wins
Game 61: ghost_wins
Game 62: ghost_wins
Game 63: ghost_wins
Game 64: ghost_wins
Game 65: ghost_wins
Game 66: ghost_wins
Game 67: ghost_wins
Game 68: ghost_wins
Game 69: ghost_wins
Game 70: ghost_wins
Game 71: ghost_wins
Game 72: ghost_wins
Game 73: ghost_wins
Game 74: ghost_wins
Game 75: ghost_wins
Game 76: ghost_wins
Game 77: ghost_wins
Game 78: ghost_wins
Game 79: ghost_wins
Game 80: ghost_wins
Game 81: ghost_wins
Game 82: ghost_wins
Game 83: ghost_wins
Game 84: ghost_wins
Game 85: ghost_wins
Game 86: ghost_wins
Game 87: ghost_wins
Game 88: ghost_wins
Game 89: ghost_wins
Game 90: ghost_wins
Game 91: ghost_wins
Game 92: ghost_wins
Game 93: ghost_wins
Game 94: ghost_wins
Game 95: ghost_wins
Game 96: ghost_wins
Game 97: ghost_wins
Game 98: ghost_wins
Game 99: ghost_wins
Game 100: ghost_wins
Game 101: ghost_wins
Game 102: ghost_wins
Game 103: ghost_wins
Game 104: ghost_wins
Game 105: ghost_wins
Game 106: ghost_wins
Game 107: ghost_wins
Game 108: ghost_wins
Game 109: ghost_wins
Game 110: ghost_wins
Game 111: ghost_wins
Game 112: ghost_wins
Game 113: ghost_wins
Game 114: ghost_wins
Game 115: ghost_wins
Game 116: ghost_wins
Game 117: ghost_wins
Game 118: ghost_wins
Game 119: ghost_wins
Game 120: ghost_wins
Game 121: ghost_wins
Game 122: ghost_wins
Game 123: ghost_wins
Game 124: ghost_wins
Game 125: ghost_wins
Game 126: ghost_wins
Game 127: ghost_wins
Game 128: ghost_wins
Game 129: ghost_wins
Game 130: ghost_wins
Game 131: ghost_wins
Game 132: ghost_wins
Game 133: ghost_wins
Game 134: ghost_wins
Game 135: ghost_wins
Game 136: ghost_wins
Game 137: ghost_wins
Game 138: ghost_wins
Game 139: ghost_wins
Game 140: ghost_wins
Game 141: ghost_wins
Game 142: ghost_wins
Game 143: ghost_wins
Game 144: ghost_wins
Game 145: ghost_wins
Game 146: ghost_wins
Game 147: ghost_wins
Game 148: ghost_wins
Game 149: ghost_wins
Game 150: ghost_wins
Game 151: ghost_wins
Game 152: ghost_wins
Game 153: ghost_wins
Game 154: ghost_wins
Game 155: ghost_wins
Game 156: ghost_wins
Game 157: ghost_wins
Game 158: ghost_wins
Game 159: ghost_wins
Game 160: ghost_wins
Game 161: ghost_wins
Game 162: ghost_wins
Game 163: ghost_wins
Game 164: ghost_wins
Game 165: ghost_wins
Game 166: ghost_wins
Game 167: ghost_wins
Game 168: ghost_wins
Game 169: ghost_wins
Game 170: ghost_wins
Game 171: ghost_wins
Game 172: ghost_wins
Game 173: ghost_wins
Game 174: ghost_wins
Game 175: ghost_wins
Game 176: ghost_wins
Game 177: ghost_wins
Game 178: ghost_wins
Game 179: ghost_wins
Game 180: ghost_wins
Game 181: ghost_wins
Game 182: ghost_wins
Game 183: ghost_wins
Game 184: ghost_wins
Game 185: ghost_wins
Game 186: ghost_wins
Game 187: ghost_wins
Game 188: ghost_wins
Game 189: ghost_wins
Game 190: ghost_wins
Game 191: ghost_wins
Game 192: ghost_wins
Game 193: ghost_wins
Game 194: ghost_wins
Game 195: ghost_wins
Game 196: ghost_wins
Game 197: ghost_wins
Game 198: ghost_wins
Game 199: ghost_wins
Game 200: ghost_wins

----------------------------------------
FINAL STATISTICS:
Total games    : 200
Pacman wins    : 0 (0.0%)
Ghost wins     : 200 (100.0%)
Draws          : 0 (0.0%)
Errors         : 0
Batch run finished: Thu, Oct 30, 2025  8:23:45 PM
