Batch run started: Thu, Oct 30, 2025 12:56:05 AM
Matchup: Pacman='example_student' vs Ghost='nhom_1'
Total runs: 20
----------------------------------------

Game 1: ghost_wins
Game 2: ghost_wins
Game 3: ghost_wins
Game 4: ghost_wins
Game 5: ghost_wins
Game 6: ghost_wins
Game 7: pacman_wins
Game 8: ghost_wins
Game 9: ghost_wins
Game 10: ghost_wins
Game 11: ghost_wins
Game 12: ghost_wins
Game 13: pacman_wins
Game 14: ghost_wins
Game 15: ghost_wins
Game 16: ghost_wins
Game 17: ghost_wins
Game 18: ghost_wins
Game 19: pacman_wins
Game 20: ghost_wins

----------------------------------------
FINAL STATISTICS:
Total games    : 20
Pacman wins    : 3 (15.0%)
Ghost wins     : 17 (85.0%)
Draws          : 0 (0.0%)
Errors         : 0
Batch run finished: Thu, Oct 30, 2025 12:56:15 AM
